INFO 2024-12-28 11:17:59,034 autoreload Watching for file changes with StatReloader
INFO 2024-12-28 12:45:54,837 autoreload Watching for file changes with StatReloader
INFO 2024-12-28 13:55:42,372 autoreload Watching for file changes with StatReloader
INFO 2024-12-28 13:56:58,369 views User created successfully: drresalate@gmail.com
INFO 2024-12-28 13:56:58,369 views Generated activation token for user drresalate@gmail.com
INFO 2024-12-28 13:56:58,370 views UID: NA
INFO 2024-12-28 13:56:58,370 views Token: cir02y-79187187a7f40437544436adcb31cfef
INFO 2024-12-28 13:56:58,370 views Domain: 127.0.0.1:8000
INFO 2024-12-28 13:56:58,372 views Email template rendered successfully
INFO 2024-12-28 13:57:05,651 views Activation email sent successfully to drresalate@gmail.com
WARNING 2024-12-28 14:01:38,859 log Forbidden (CSRF token from POST incorrect.): /job/create/
WARNING 2024-12-28 14:01:42,912 log Forbidden (CSRF token from POST incorrect.): /job/create/
WARNING 2024-12-28 14:01:44,767 log Forbidden (Permission denied): /job/create/
Traceback (most recent call last):
  File "C:\Users\Anowe\OneDrive\Desktop\Job Board DRF Django Project\env\Lib\site-packages\django\core\handlers\exception.py", line 55, in inner
    response = get_response(request)
               ^^^^^^^^^^^^^^^^^^^^^
  File "C:\Users\Anowe\OneDrive\Desktop\Job Board DRF Django Project\env\Lib\site-packages\django\core\handlers\base.py", line 197, in _get_response
    response = wrapped_callback(request, *callback_args, **callback_kwargs)
               ^^^^^^^^^^^^^^^^^^^^^^^^^^^^^^^^^^^^^^^^^^^^^^^^^^^^^^^^^^^^
  File "C:\Users\Anowe\OneDrive\Desktop\Job Board DRF Django Project\env\Lib\site-packages\django\contrib\auth\decorators.py", line 60, in _view_wrapper
    return view_func(request, *args, **kwargs)
           ^^^^^^^^^^^^^^^^^^^^^^^^^^^^^^^^^^^
  File "C:\Users\Anowe\OneDrive\Desktop\Job Board DRF Django Project\Job Portal\job\jobapp\permission.py", line 8, in wrap
    raise PermissionDenied
django.core.exceptions.PermissionDenied
INFO 2024-12-28 14:13:03,985 autoreload C:\Users\Anowe\OneDrive\Desktop\Job Board DRF Django Project\Job Portal\job\jobapp\models.py changed, reloading.
INFO 2024-12-28 14:13:05,451 autoreload Watching for file changes with StatReloader
INFO 2024-12-28 14:14:21,344 autoreload C:\Users\Anowe\OneDrive\Desktop\Job Board DRF Django Project\Job Portal\job\jobapp\forms.py changed, reloading.
INFO 2024-12-28 14:14:22,745 autoreload Watching for file changes with StatReloader
INFO 2024-12-28 14:15:01,814 autoreload Watching for file changes with StatReloader
ERROR 2024-12-28 14:15:06,807 log Internal Server Error: /job/4/
Traceback (most recent call last):
  File "C:\Users\Anowe\OneDrive\Desktop\Job Board DRF Django Project\env\Lib\site-packages\django\core\handlers\exception.py", line 55, in inner
    response = get_response(request)
               ^^^^^^^^^^^^^^^^^^^^^
  File "C:\Users\Anowe\OneDrive\Desktop\Job Board DRF Django Project\env\Lib\site-packages\django\core\handlers\base.py", line 197, in _get_response
    response = wrapped_callback(request, *callback_args, **callback_kwargs)
               ^^^^^^^^^^^^^^^^^^^^^^^^^^^^^^^^^^^^^^^^^^^^^^^^^^^^^^^^^^^^
  File "C:\Users\Anowe\OneDrive\Desktop\Job Board DRF Django Project\Job Portal\job\jobapp\views.py", line 93, in single_job_view
    related_job_list = job.tags.similar_objects()
                       ^^^^^^^^
AttributeError: 'Job' object has no attribute 'tags'
INFO 2024-12-28 14:15:38,497 autoreload C:\Users\Anowe\OneDrive\Desktop\Job Board DRF Django Project\Job Portal\job\jobapp\forms.py changed, reloading.
INFO 2024-12-28 14:15:40,273 autoreload Watching for file changes with StatReloader
INFO 2024-12-28 14:15:43,591 autoreload C:\Users\Anowe\OneDrive\Desktop\Job Board DRF Django Project\Job Portal\job\jobapp\models.py changed, reloading.
INFO 2024-12-28 14:15:44,835 autoreload Watching for file changes with StatReloader
INFO 2024-12-28 14:16:02,088 autoreload Watching for file changes with StatReloader
WARNING 2024-12-28 14:20:44,728 log Forbidden (Permission denied): /dashboard/employer/job/edit/1
Traceback (most recent call last):
  File "C:\Users\Anowe\OneDrive\Desktop\Job Board DRF Django Project\env\Lib\site-packages\django\core\handlers\exception.py", line 55, in inner
    response = get_response(request)
               ^^^^^^^^^^^^^^^^^^^^^
  File "C:\Users\Anowe\OneDrive\Desktop\Job Board DRF Django Project\env\Lib\site-packages\django\core\handlers\base.py", line 197, in _get_response
    response = wrapped_callback(request, *callback_args, **callback_kwargs)
               ^^^^^^^^^^^^^^^^^^^^^^^^^^^^^^^^^^^^^^^^^^^^^^^^^^^^^^^^^^^^
  File "C:\Users\Anowe\OneDrive\Desktop\Job Board DRF Django Project\env\Lib\site-packages\django\contrib\auth\decorators.py", line 60, in _view_wrapper
    return view_func(request, *args, **kwargs)
           ^^^^^^^^^^^^^^^^^^^^^^^^^^^^^^^^^^^
  File "C:\Users\Anowe\OneDrive\Desktop\Job Board DRF Django Project\Job Portal\job\jobapp\permission.py", line 8, in wrap
    raise PermissionDenied
django.core.exceptions.PermissionDenied
WARNING 2024-12-28 14:20:54,978 log Forbidden (Permission denied): /dashboard/employer/job/edit/4
Traceback (most recent call last):
  File "C:\Users\Anowe\OneDrive\Desktop\Job Board DRF Django Project\env\Lib\site-packages\django\core\handlers\exception.py", line 55, in inner
    response = get_response(request)
               ^^^^^^^^^^^^^^^^^^^^^
  File "C:\Users\Anowe\OneDrive\Desktop\Job Board DRF Django Project\env\Lib\site-packages\django\core\handlers\base.py", line 197, in _get_response
    response = wrapped_callback(request, *callback_args, **callback_kwargs)
               ^^^^^^^^^^^^^^^^^^^^^^^^^^^^^^^^^^^^^^^^^^^^^^^^^^^^^^^^^^^^
  File "C:\Users\Anowe\OneDrive\Desktop\Job Board DRF Django Project\env\Lib\site-packages\django\contrib\auth\decorators.py", line 60, in _view_wrapper
    return view_func(request, *args, **kwargs)
           ^^^^^^^^^^^^^^^^^^^^^^^^^^^^^^^^^^^
  File "C:\Users\Anowe\OneDrive\Desktop\Job Board DRF Django Project\Job Portal\job\jobapp\permission.py", line 8, in wrap
    raise PermissionDenied
django.core.exceptions.PermissionDenied
ERROR 2024-12-28 14:23:35,823 log Internal Server Error: /activate/NQ/cir19e-47d40c827464ad3eaf69176935e6c2b8/
Traceback (most recent call last):
  File "C:\Users\Anowe\OneDrive\Desktop\Job Board DRF Django Project\env\Lib\site-packages\django\core\handlers\exception.py", line 55, in inner
    response = get_response(request)
               ^^^^^^^^^^^^^^^^^^^^^
  File "C:\Users\Anowe\OneDrive\Desktop\Job Board DRF Django Project\env\Lib\site-packages\django\core\handlers\base.py", line 197, in _get_response
    response = wrapped_callback(request, *callback_args, **callback_kwargs)
               ^^^^^^^^^^^^^^^^^^^^^^^^^^^^^^^^^^^^^^^^^^^^^^^^^^^^^^^^^^^^
  File "C:\Users\Anowe\OneDrive\Desktop\Job Board DRF Django Project\Job Portal\job\account\views.py", line 240, in activate
    message = render_to_string(welcome_template, {'user': user})
              ^^^^^^^^^^^^^^^^^^^^^^^^^^^^^^^^^^^^^^^^^^^^^^^^^^
  File "C:\Users\Anowe\OneDrive\Desktop\Job Board DRF Django Project\env\Lib\site-packages\django\template\loader.py", line 61, in render_to_string
    template = get_template(template_name, using=using)
               ^^^^^^^^^^^^^^^^^^^^^^^^^^^^^^^^^^^^^^^^
  File "C:\Users\Anowe\OneDrive\Desktop\Job Board DRF Django Project\env\Lib\site-packages\django\template\loader.py", line 19, in get_template
    raise TemplateDoesNotExist(template_name, chain=chain)
django.template.exceptions.TemplateDoesNotExist: emails/employee_welcome.html
INFO 2024-12-28 14:27:39,789 autoreload Watching for file changes with StatReloader
INFO 2024-12-28 21:12:53,139 autoreload Watching for file changes with StatReloader
INFO 2024-12-28 21:31:21,371 autoreload Watching for file changes with StatReloader
